This file contains any messages produced by compilers while
running configure, to aid debugging if configure makes a mistake.

It was created by geoip_plugin configure 0.1, which was
generated by GNU Autoconf 2.63.  Invocation command line was

  $ ./configure --prefix=/usr/local

## --------- ##
## Platform. ##
## --------- ##

hostname = andrew
uname -m = x86_64
uname -r = 2.6.33-gentoo-r2
uname -s = Linux
uname -v = #1 SMP PREEMPT Fri Jul 30 04:59:12 EDT 2010

/usr/bin/uname -p = AMD Phenom(tm) II X6 1090T Processor
/bin/uname -X     = unknown

/bin/arch              = unknown
/usr/bin/arch -k       = unknown
/usr/convex/getsysinfo = unknown
/usr/bin/hostinfo      = unknown
/bin/machine           = unknown
/usr/bin/oslevel       = unknown
/bin/universe          = unknown

PATH: /usr/local/java/bin
PATH: /usr/local/ant/bin
PATH: /usr/local/bin
PATH: /home/andrew/bin
PATH: /usr/local/bin
PATH: /usr/bin
PATH: /bin
PATH: /opt/bin
PATH: /usr/x86_64-pc-linux-gnu/gcc-bin/4.1.2
PATH: /usr/kde/3.5/bin
PATH: /usr/qt/3/bin
PATH: /usr/lib/subversion/bin
PATH: /usr/games/bin


## ----------- ##
## Core tests. ##
## ----------- ##

configure:2071: checking for a BSD-compatible install
configure:2139: result: /usr/bin/install -c
configure:2150: checking whether build environment is sane
configure:2210: result: yes
configure:2351: checking for a thread-safe mkdir -p
configure:2390: result: /usr/bin/mkdir -p
configure:2403: checking for gawk
configure:2419: found /usr/bin/gawk
configure:2430: result: gawk
configure:2441: checking whether make sets $(MAKE)
configure:2463: result: yes
configure:2599: checking for gcc
configure:2615: found /usr/bin/gcc
configure:2626: result: gcc
configure:2858: checking for C compiler version
configure:2866: gcc --version >&5
gcc (GCC) 4.1.2 (Gentoo 4.1.2 p1.1)
Copyright (C) 2006 Free Software Foundation, Inc.
This is free software; see the source for copying conditions.  There is NO
warranty; not even for MERCHANTABILITY or FITNESS FOR A PARTICULAR PURPOSE.

configure:2870: $? = 0
configure:2877: gcc -v >&5
Using built-in specs.
Target: x86_64-pc-linux-gnu
Configured with: /var/tmp/portage/sys-devel/gcc-4.1.2/work/gcc-4.1.2/configure --prefix=/usr --bindir=/usr/x86_64-pc-linux-gnu/gcc-bin/4.1.2 --includedir=/usr/lib/gcc/x86_64-pc-linux-gnu/4.1.2/include --datadir=/usr/share/gcc-data/x86_64-pc-linux-gnu/4.1.2 --mandir=/usr/share/gcc-data/x86_64-pc-linux-gnu/4.1.2/man --infodir=/usr/share/gcc-data/x86_64-pc-linux-gnu/4.1.2/info --with-gxx-include-dir=/usr/lib/gcc/x86_64-pc-linux-gnu/4.1.2/include/g++-v4 --host=x86_64-pc-linux-gnu --build=x86_64-pc-linux-gnu --disable-altivec --enable-nls --without-included-gettext --with-system-zlib --disable-checking --disable-werror --enable-secureplt --disable-libunwind-exceptions --enable-multilib --enable-libmudflap --disable-libssp --disable-libgcj --enable-languages=c,c++,treelang,fortran --enable-shared --enable-threads=posix --enable-__cxa_atexit --enable-clocale=gnu --with-bugurl=http://bugs.gentoo.org/ --with-pkgversion=Gentoo 4.1.2 p1.1
Thread model: posix
gcc version 4.1.2 (Gentoo 4.1.2 p1.1)
configure:2881: $? = 0
configure:2888: gcc -V >&5
gcc: '-V' option must have argument
configure:2892: $? = 1
configure:2915: checking for C compiler default output file name
configure:2937: gcc    conftest.c  >&5
configure:2941: $? = 0
configure:2979: result: a.out
configure:2998: checking whether the C compiler works
configure:3008: ./a.out
configure:3012: $? = 0
configure:3031: result: yes
configure:3038: checking whether we are cross compiling
configure:3040: result: no
configure:3043: checking for suffix of executables
configure:3050: gcc -o conftest    conftest.c  >&5
configure:3054: $? = 0
configure:3080: result: 
configure:3086: checking for suffix of object files
configure:3112: gcc -c   conftest.c >&5
configure:3116: $? = 0
configure:3141: result: o
configure:3145: checking whether we are using the GNU C compiler
configure:3174: gcc -c   conftest.c >&5
configure:3181: $? = 0
configure:3198: result: yes
configure:3207: checking whether gcc accepts -g
configure:3237: gcc -c -g  conftest.c >&5
configure:3244: $? = 0
configure:3345: result: yes
configure:3362: checking for gcc option to accept ISO C89
configure:3436: gcc  -c -g -O2  conftest.c >&5
configure:3443: $? = 0
configure:3466: result: none needed
configure:3495: checking for style of include used by make
configure:3523: result: GNU
configure:3548: checking dependency style of gcc
configure:3658: result: gcc3
configure:3705: checking build system type
configure:3723: result: x86_64-unknown-linux-gnu
configure:3745: checking host system type
configure:3760: result: x86_64-unknown-linux-gnu
configure:3782: checking for a sed that does not truncate output
configure:3848: result: /bin/sed
configure:3866: checking for grep that handles long lines and -e
configure:3926: result: /bin/grep
configure:3931: checking for egrep
configure:3995: result: /bin/grep -E
configure:4000: checking for fgrep
configure:4064: result: /bin/grep -F
configure:4099: checking for ld used by gcc
configure:4166: result: /usr/x86_64-pc-linux-gnu/bin/ld
configure:4175: checking if the linker (/usr/x86_64-pc-linux-gnu/bin/ld) is GNU ld
configure:4190: result: yes
configure:4202: checking for BSD- or MS-compatible name lister (nm)
configure:4251: result: /usr/bin/nm -B
configure:4369: checking the name lister (/usr/bin/nm -B) interface
configure:4376: gcc -c -g -O2  conftest.c >&5
configure:4379: /usr/bin/nm -B "conftest.o"
configure:4382: output
0000000000000000 B some_variable
configure:4389: result: BSD nm
configure:4392: checking whether ln -s works
configure:4396: result: yes
configure:4404: checking the maximum length of command line arguments
configure:4524: result: 1572864
configure:4541: checking whether the shell understands some XSI constructs
configure:4551: result: yes
configure:4555: checking whether the shell understands "+="
configure:4561: result: yes
configure:4596: checking for /usr/x86_64-pc-linux-gnu/bin/ld option to reload object files
configure:4603: result: -r
configure:4672: checking for objdump
configure:4688: found /usr/bin/objdump
configure:4699: result: objdump
configure:4731: checking how to recognize dependent libraries
configure:4927: result: pass_all
configure:4987: checking for ar
configure:5003: found /usr/bin/ar
configure:5014: result: ar
configure:5092: checking for strip
configure:5108: found /usr/bin/strip
configure:5119: result: strip
configure:5191: checking for ranlib
configure:5207: found /usr/bin/ranlib
configure:5218: result: ranlib
configure:5308: checking command to parse /usr/bin/nm -B output from gcc object
configure:5426: gcc -c -g -O2  conftest.c >&5
configure:5429: $? = 0
configure:5433: /usr/bin/nm -B conftest.o \| sed -n -e 's/^.*[	 ]\([ABCDGIRSTW][ABCDGIRSTW]*\)[	 ][	 ]*\([_A-Za-z][_A-Za-z0-9]*\)$/\1 \2 \2/p' \> conftest.nm
configure:5436: $? = 0
configure:5490: gcc -o conftest -g -O2   conftest.c conftstm.o >&5
configure:5493: $? = 0
configure:5531: result: ok
configure:5627: gcc -c -g -O2  conftest.c >&5
configure:5630: $? = 0
configure:6398: checking how to run the C preprocessor
configure:6438: gcc -E  conftest.c
configure:6445: $? = 0
configure:6476: gcc -E  conftest.c
conftest.c:10:28: error: ac_nonexistent.h: No such file or directory
configure:6483: $? = 1
configure: failed program was:
| /* confdefs.h.  */
| #define PACKAGE_NAME "geoip_plugin"
| #define PACKAGE_TARNAME "geoip_plugin"
| #define PACKAGE_VERSION "0.1"
| #define PACKAGE_STRING "geoip_plugin 0.1"
| #define PACKAGE_BUGREPORT "andrew@meetup.com"
| #define PACKAGE "geoip_plugin"
| #define VERSION "0.1"
| /* end confdefs.h.  */
| #include <ac_nonexistent.h>
configure:6516: result: gcc -E
configure:6545: gcc -E  conftest.c
configure:6552: $? = 0
configure:6583: gcc -E  conftest.c
conftest.c:10:28: error: ac_nonexistent.h: No such file or directory
configure:6590: $? = 1
configure: failed program was:
| /* confdefs.h.  */
| #define PACKAGE_NAME "geoip_plugin"
| #define PACKAGE_TARNAME "geoip_plugin"
| #define PACKAGE_VERSION "0.1"
| #define PACKAGE_STRING "geoip_plugin 0.1"
| #define PACKAGE_BUGREPORT "andrew@meetup.com"
| #define PACKAGE "geoip_plugin"
| #define VERSION "0.1"
| /* end confdefs.h.  */
| #include <ac_nonexistent.h>
configure:6630: checking for ANSI C header files
configure:6660: gcc -c -g -O2  conftest.c >&5
configure:6667: $? = 0
configure:6766: gcc -o conftest -g -O2   conftest.c  >&5
configure:6770: $? = 0
configure:6776: ./conftest
configure:6780: $? = 0
configure:6798: result: yes
configure:6822: checking for sys/types.h
configure:6843: gcc -c -g -O2  conftest.c >&5
configure:6850: $? = 0
configure:6867: result: yes
configure:6822: checking for sys/stat.h
configure:6843: gcc -c -g -O2  conftest.c >&5
configure:6850: $? = 0
configure:6867: result: yes
configure:6822: checking for stdlib.h
configure:6843: gcc -c -g -O2  conftest.c >&5
configure:6850: $? = 0
configure:6867: result: yes
configure:6822: checking for string.h
configure:6843: gcc -c -g -O2  conftest.c >&5
configure:6850: $? = 0
configure:6867: result: yes
configure:6822: checking for memory.h
configure:6843: gcc -c -g -O2  conftest.c >&5
configure:6850: $? = 0
configure:6867: result: yes
configure:6822: checking for strings.h
configure:6843: gcc -c -g -O2  conftest.c >&5
configure:6850: $? = 0
configure:6867: result: yes
configure:6822: checking for inttypes.h
configure:6843: gcc -c -g -O2  conftest.c >&5
configure:6850: $? = 0
configure:6867: result: yes
configure:6822: checking for stdint.h
configure:6843: gcc -c -g -O2  conftest.c >&5
configure:6850: $? = 0
configure:6867: result: yes
configure:6822: checking for unistd.h
configure:6843: gcc -c -g -O2  conftest.c >&5
configure:6850: $? = 0
configure:6867: result: yes
configure:6885: checking for dlfcn.h
configure:6906: gcc -c -g -O2  conftest.c >&5
configure:6913: $? = 0
configure:6930: result: yes
configure:7116: checking for objdir
configure:7131: result: .libs
configure:7423: checking if gcc supports -fno-rtti -fno-exceptions
configure:7441: gcc -c -g -O2  -fno-rtti -fno-exceptions conftest.c >&5
cc1: warning: command line option "-fno-rtti" is valid for C++/ObjC++ but not for C
configure:7445: $? = 0
configure:7458: result: no
configure:7478: checking for gcc option to produce PIC
configure:7750: result: -fPIC -DPIC
configure:7762: checking if gcc PIC flag -fPIC -DPIC works
configure:7780: gcc -c -g -O2  -fPIC -DPIC -DPIC conftest.c >&5
configure:7784: $? = 0
configure:7797: result: yes
configure:7821: checking if gcc static flag -static works
configure:7849: result: yes
configure:7864: checking if gcc supports -c -o file.o
configure:7885: gcc -c -g -O2  -o out/conftest2.o conftest.c >&5
configure:7889: $? = 0
configure:7911: result: yes
configure:7919: checking if gcc supports -c -o file.o
configure:7966: result: yes
configure:7999: checking whether the gcc linker (/usr/x86_64-pc-linux-gnu/bin/ld -m elf_x86_64) supports shared libraries
configure:9073: result: yes
configure:9110: checking whether -lc should be explicitly linked in
configure:9115: gcc -c -g -O2  conftest.c >&5
configure:9118: $? = 0
configure:9133: gcc -shared conftest.o  -v -Wl,-soname -Wl,conftest -o conftest 2\>\&1 \| /bin/grep  -lc  \>/dev/null 2\>\&1
configure:9136: $? = 0
configure:9148: result: no
configure:9312: checking dynamic linker characteristics
configure:9768: gcc -o conftest -g -O2   -Wl,-rpath -Wl,/foo conftest.c  >&5
configure:9775: $? = 0
configure:10008: result: GNU/Linux ld.so
configure:10110: checking how to hardcode library paths into programs
configure:10135: result: immediate
configure:10968: checking whether stripping libraries is possible
configure:10973: result: yes
configure:11008: checking if libtool supports shared libraries
configure:11010: result: yes
configure:11013: checking whether to build shared libraries
configure:11034: result: yes
configure:11037: checking whether to build static libraries
configure:11041: result: yes
configure:11078: checking for GeoIP_open in -lGeoIP
configure:11113: gcc -o conftest -g -O2   conftest.c -lGeoIP   >&5
configure:11120: $? = 0
configure:11141: result: yes
configure:11153: checking for dlsym in -ldl
configure:11188: gcc -o conftest -g -O2   conftest.c -ldl  -lGeoIP  >&5
configure:11195: $? = 0
configure:11216: result: yes
configure:11236: checking for stdlib.h
configure:11243: result: yes
configure:11247: checking stdio.h usability
configure:11264: gcc -c -g -O2  conftest.c >&5
configure:11271: $? = 0
configure:11285: result: yes
configure:11289: checking stdio.h presence
configure:11304: gcc -E  conftest.c
configure:11311: $? = 0
configure:11325: result: yes
configure:11358: checking for stdio.h
configure:11367: result: yes
configure:11247: checking GeoIP.h usability
configure:11264: gcc -c -g -O2  conftest.c >&5
configure:11271: $? = 0
configure:11285: result: yes
configure:11289: checking GeoIP.h presence
configure:11304: gcc -E  conftest.c
configure:11311: $? = 0
configure:11325: result: yes
configure:11358: checking for GeoIP.h
configure:11367: result: yes
configure:11247: checking GeoIPCity.h usability
configure:11264: gcc -c -g -O2  conftest.c >&5
configure:11271: $? = 0
configure:11285: result: yes
configure:11289: checking GeoIPCity.h presence
configure:11304: gcc -E  conftest.c
configure:11311: $? = 0
configure:11325: result: yes
configure:11358: checking for GeoIPCity.h
configure:11367: result: yes
configure:11384: checking GeoIP City Data
configure:11416: result: yes
configure:11554: creating ./config.status

## ---------------------- ##
## Running config.status. ##
## ---------------------- ##

This file was extended by geoip_plugin config.status 0.1, which was
generated by GNU Autoconf 2.63.  Invocation command line was

  CONFIG_FILES    = 
  CONFIG_HEADERS  = 
  CONFIG_LINKS    = 
  CONFIG_COMMANDS = 
  $ ./config.status 

on andrew

config.status:993: creating Makefile
config.status:993: creating src/Makefile
config.status:993: creating vcl/Makefile
config.status:993: creating test/Makefile
config.status:993: creating src/config.h
config.status:1215: src/config.h is unchanged
config.status:1267: executing depfiles commands
config.status:1267: executing libtool commands

## ---------------- ##
## Cache variables. ##
## ---------------- ##

ac_cv_build=x86_64-unknown-linux-gnu
ac_cv_c_compiler_gnu=yes
ac_cv_env_CC_set=
ac_cv_env_CC_value=
ac_cv_env_CFLAGS_set=
ac_cv_env_CFLAGS_value=
ac_cv_env_CPPFLAGS_set=
ac_cv_env_CPPFLAGS_value=
ac_cv_env_CPP_set=
ac_cv_env_CPP_value=
ac_cv_env_GEOIP_CITY_DATA_set=set
ac_cv_env_GEOIP_CITY_DATA_value=/usr/local/meetup/conf/GeoIPCity.dat
ac_cv_env_LDFLAGS_set=
ac_cv_env_LDFLAGS_value=
ac_cv_env_LIBS_set=
ac_cv_env_LIBS_value=
ac_cv_env_build_alias_set=
ac_cv_env_build_alias_value=
ac_cv_env_host_alias_set=
ac_cv_env_host_alias_value=
ac_cv_env_target_alias_set=
ac_cv_env_target_alias_value=
ac_cv_header_GeoIPCity_h=yes
ac_cv_header_GeoIP_h=yes
ac_cv_header_dlfcn_h=yes
ac_cv_header_inttypes_h=yes
ac_cv_header_memory_h=yes
ac_cv_header_stdc=yes
ac_cv_header_stdint_h=yes
ac_cv_header_stdio_h=yes
ac_cv_header_stdlib_h=yes
ac_cv_header_string_h=yes
ac_cv_header_strings_h=yes
ac_cv_header_sys_stat_h=yes
ac_cv_header_sys_types_h=yes
ac_cv_header_unistd_h=yes
ac_cv_host=x86_64-unknown-linux-gnu
ac_cv_lib_GeoIP_GeoIP_open=yes
ac_cv_lib_dl_dlsym=yes
ac_cv_objext=o
ac_cv_path_EGREP='/bin/grep -E'
ac_cv_path_FGREP='/bin/grep -F'
ac_cv_path_GREP=/bin/grep
ac_cv_path_SED=/bin/sed
ac_cv_path_install='/usr/bin/install -c'
ac_cv_path_mkdir=/usr/bin/mkdir
ac_cv_prog_AWK=gawk
ac_cv_prog_CPP='gcc -E'
ac_cv_prog_ac_ct_AR=ar
ac_cv_prog_ac_ct_CC=gcc
ac_cv_prog_ac_ct_OBJDUMP=objdump
ac_cv_prog_ac_ct_RANLIB=ranlib
ac_cv_prog_ac_ct_STRIP=strip
ac_cv_prog_cc_c89=
ac_cv_prog_cc_g=yes
ac_cv_prog_make_make_set=yes
am_cv_CC_dependencies_compiler_type=gcc3
lt_cv_deplibs_check_method=pass_all
lt_cv_file_magic_cmd='$MAGIC_CMD'
lt_cv_file_magic_test_file=
lt_cv_ld_reload_flag=-r
lt_cv_nm_interface='BSD nm'
lt_cv_objdir=.libs
lt_cv_path_LD=/usr/x86_64-pc-linux-gnu/bin/ld
lt_cv_path_NM='/usr/bin/nm -B'
lt_cv_prog_compiler_c_o=yes
lt_cv_prog_compiler_pic_works=yes
lt_cv_prog_compiler_rtti_exceptions=no
lt_cv_prog_compiler_static_works=yes
lt_cv_prog_gnu_ld=yes
lt_cv_sys_global_symbol_pipe='sed -n -e '\''s/^.*[	 ]\([ABCDGIRSTW][ABCDGIRSTW]*\)[	 ][	 ]*\([_A-Za-z][_A-Za-z0-9]*\)$/\1 \2 \2/p'\'''
lt_cv_sys_global_symbol_to_c_name_address='sed -n -e '\''s/^: \([^ ]*\) $/  {\"\1\", (void *) 0},/p'\'' -e '\''s/^[ABCDGIRSTW]* \([^ ]*\) \([^ ]*\)$/  {"\2", (void *) \&\2},/p'\'''
lt_cv_sys_global_symbol_to_c_name_address_lib_prefix='sed -n -e '\''s/^: \([^ ]*\) $/  {\"\1\", (void *) 0},/p'\'' -e '\''s/^[ABCDGIRSTW]* \([^ ]*\) \(lib[^ ]*\)$/  {"\2", (void *) \&\2},/p'\'' -e '\''s/^[ABCDGIRSTW]* \([^ ]*\) \([^ ]*\)$/  {"lib\2", (void *) \&\2},/p'\'''
lt_cv_sys_global_symbol_to_cdecl='sed -n -e '\''s/^T .* \(.*\)$/extern int \1();/p'\'' -e '\''s/^[ABCDGIRSTW]* .* \(.*\)$/extern char \1;/p'\'''
lt_cv_sys_max_cmd_len=1572864

## ----------------- ##
## Output variables. ##
## ----------------- ##

ACLOCAL='${SHELL} /home/andrew/Devel/geoip_varnish/missing --run aclocal-1.11'
AMDEPBACKSLASH='\'
AMDEP_FALSE='#'
AMDEP_TRUE=''
AMTAR='${SHELL} /home/andrew/Devel/geoip_varnish/missing --run tar'
AR='ar'
AUTOCONF='${SHELL} /home/andrew/Devel/geoip_varnish/missing --run autoconf'
AUTOHEADER='${SHELL} /home/andrew/Devel/geoip_varnish/missing --run autoheader'
AUTOMAKE='${SHELL} /home/andrew/Devel/geoip_varnish/missing --run automake-1.11'
AWK='gawk'
CC='gcc'
CCDEPMODE='depmode=gcc3'
CFLAGS='-g -O2'
CPP='gcc -E'
CPPFLAGS=''
CYGPATH_W='echo'
DEFS='-DHAVE_CONFIG_H'
DEPDIR='.deps'
DSYMUTIL=''
DUMPBIN=''
ECHO_C=''
ECHO_N='-n'
ECHO_T=''
EGREP='/bin/grep -E'
EXEEXT=''
FGREP='/bin/grep -F'
GEOIP_CITY_DATA='/usr/local/meetup/conf/GeoIPCity.dat'
GREP='/bin/grep'
INSTALL_DATA='${INSTALL} -m 644'
INSTALL_PROGRAM='${INSTALL}'
INSTALL_SCRIPT='${INSTALL}'
INSTALL_STRIP_PROGRAM='$(install_sh) -c -s'
LD='/usr/x86_64-pc-linux-gnu/bin/ld -m elf_x86_64'
LDFLAGS=''
LIBOBJS=''
LIBS='-ldl -lGeoIP '
LIBTOOL='$(SHELL) $(top_builddir)/libtool'
LIPO=''
LN_S='ln -s'
LTLIBOBJS=''
MAKEINFO='${SHELL} /home/andrew/Devel/geoip_varnish/missing --run makeinfo'
MKDIR_P='/usr/bin/mkdir -p'
NM='/usr/bin/nm -B'
NMEDIT=''
OBJDUMP='objdump'
OBJEXT='o'
OTOOL64=''
OTOOL=''
PACKAGE='geoip_plugin'
PACKAGE_BUGREPORT='andrew@meetup.com'
PACKAGE_NAME='geoip_plugin'
PACKAGE_STRING='geoip_plugin 0.1'
PACKAGE_TARNAME='geoip_plugin'
PACKAGE_VERSION='0.1'
PATH_SEPARATOR=':'
RANLIB='ranlib'
SED='/bin/sed'
SET_MAKE=''
SHELL='/bin/sh'
STRIP='strip'
VERSION='0.1'
ac_ct_CC='gcc'
ac_ct_DUMPBIN=''
am__EXEEXT_FALSE=''
am__EXEEXT_TRUE='#'
am__fastdepCC_FALSE='#'
am__fastdepCC_TRUE=''
am__include='include'
am__isrc=''
am__leading_dot='.'
am__quote=''
am__tar='${AMTAR} chof - "$$tardir"'
am__untar='${AMTAR} xf -'
bindir='${exec_prefix}/bin'
build='x86_64-unknown-linux-gnu'
build_alias=''
build_cpu='x86_64'
build_os='linux-gnu'
build_vendor='unknown'
datadir='${datarootdir}'
datarootdir='${prefix}/share'
docdir='${datarootdir}/doc/${PACKAGE_TARNAME}'
dvidir='${docdir}'
exec_prefix='${prefix}'
host='x86_64-unknown-linux-gnu'
host_alias=''
host_cpu='x86_64'
host_os='linux-gnu'
host_vendor='unknown'
htmldir='${docdir}'
includedir='${prefix}/include'
infodir='${datarootdir}/info'
install_sh='${SHELL} /home/andrew/Devel/geoip_varnish/install-sh'
libdir='${exec_prefix}/lib'
libexecdir='${exec_prefix}/libexec'
localedir='${datarootdir}/locale'
localstatedir='${prefix}/var'
lt_ECHO='echo'
mandir='${datarootdir}/man'
mkdir_p='/usr/bin/mkdir -p'
oldincludedir='/usr/include'
pdfdir='${docdir}'
prefix='/usr/local'
program_transform_name='s,x,x,'
psdir='${docdir}'
sbindir='${exec_prefix}/sbin'
sharedstatedir='${prefix}/com'
sysconfdir='${prefix}/etc'
target_alias=''

## ----------- ##
## confdefs.h. ##
## ----------- ##

#define PACKAGE_NAME "geoip_plugin"
#define PACKAGE_TARNAME "geoip_plugin"
#define PACKAGE_VERSION "0.1"
#define PACKAGE_STRING "geoip_plugin 0.1"
#define PACKAGE_BUGREPORT "andrew@meetup.com"
#define PACKAGE "geoip_plugin"
#define VERSION "0.1"
#define STDC_HEADERS 1
#define HAVE_SYS_TYPES_H 1
#define HAVE_SYS_STAT_H 1
#define HAVE_STDLIB_H 1
#define HAVE_STRING_H 1
#define HAVE_MEMORY_H 1
#define HAVE_STRINGS_H 1
#define HAVE_INTTYPES_H 1
#define HAVE_STDINT_H 1
#define HAVE_UNISTD_H 1
#define HAVE_DLFCN_H 1
#define LT_OBJDIR ".libs/"
#define HAVE_LIBGEOIP 1
#define HAVE_LIBDL 1
#define HAVE_STDLIB_H 1
#define HAVE_STDIO_H 1
#define HAVE_GEOIP_H 1
#define HAVE_GEOIPCITY_H 1

configure: exit 0
